# JRE version: OpenJDK Runtime Environment Temurin-21.0.10+7 (21.0.10+7) (build 21.0.10+7-LTS)
# Java VM: OpenJDK 64-Bit Server VM Temurin-21.0.10+7 (21.0.10+7-LTS, mixed mode, sharing, tiered, compressed oops, compressed class ptrs, parallel gc, windows-amd64)
GC Precious Log:
 CardTable entry size: 512
 CPUs: 8 total, 8 available
 Memory: 7865M
 Large Page Support: Disabled
 NUMA Support: Disabled
 Compressed Oops: Enabled (32-bit)
 Alignments: Space 512K, Generation 512K, Heap 2M
 Heap Min Capacity: 100M
 Heap Initial Capacity: 100M
 Heap Max Capacity: 2G
 Pre-touch: Disabled
 Parallel Workers: 8
Heap:
 PSYoungGen      total 13824K, used 4802K [0x00000000d5580000, 0x00000000d6480000, 0x0000000100000000)
  eden space 12288K, 30% used [0x00000000d5580000,0x00000000d5928b48,0x00000000d6180000)
  from space 1536K, 68% used [0x00000000d6200000,0x00000000d6308040,0x00000000d6380000)
  to   space 1024K, 0% used [0x00000000d6380000,0x00000000d6380000,0x00000000d6480000)
 ParOldGen       total 1093120K, used 1093089K [0x0000000080000000, 0x00000000c2b80000, 0x00000000d5580000)
  object space 1093120K, 99% used [0x0000000080000000,0x00000000c2b78660,0x00000000c2b80000)
 Metaspace       used 96480K, committed 98304K, reserved 1179648K
  class space    used 9578K, committed 10560K, reserved 1048576K
GC Heap History (20 events):
Event: 3559.753 GC heap before
{Heap before GC invocations=3144 (full 8):
 PSYoungGen      total 7168K, used 7136K [0x00000000d5580000, 0x00000000d6000000, 0x0000000100000000)
  eden space 5120K, 100% used [0x00000000d5580000,0x00000000d5a80000,0x00000000d5a80000)
  from space 2048K, 98% used [0x00000000d5a80000,0x00000000d5c78000,0x00000000d5c80000)
  to   space 2560K, 0% used [0x00000000d5d80000,0x00000000d5d80000,0x00000000d6000000)
 ParOldGen       total 1076736K, used 1076537K [0x0000000080000000, 0x00000000c1b80000, 0x00000000d5580000)
  object space 1076736K, 99% used [0x0000000080000000,0x00000000c1b4e4a0,0x00000000c1b80000)
 Metaspace       used 96473K, committed 98304K, reserved 1179648K
  class space    used 9578K, committed 10560K, reserved 1048576K
}
Event: 3559.756 GC heap after
{Heap after GC invocations=3144 (full 8):
 PSYoungGen      total 8192K, used 2212K [0x00000000d5580000, 0x00000000d6080000, 0x0000000100000000)
  eden space 5632K, 0% used [0x00000000d5580000,0x00000000d5580000,0x00000000d5b00000)
  from space 2560K, 86% used [0x00000000d5d80000,0x00000000d5fa9310,0x00000000d6000000)
  to   space 2560K, 0% used [0x00000000d5b00000,0x00000000d5b00000,0x00000000d5d80000)
 ParOldGen       total 1078784K, used 1078425K [0x0000000080000000, 0x00000000c1d80000, 0x00000000d5580000)
  object space 1078784K, 99% used [0x0000000080000000,0x00000000c1d264a0,0x00000000c1d80000)
 Metaspace       used 96473K, committed 98304K, reserved 1179648K
  class space    used 9578K, committed 10560K, reserved 1048576K
}
Event: 3559.779 GC heap before
{Heap before GC invocations=3145 (full 8):
 PSYoungGen      total 8192K, used 7829K [0x00000000d5580000, 0x00000000d6080000, 0x0000000100000000)
  eden space 5632K, 99% used [0x00000000d5580000,0x00000000d5afc1f0,0x00000000d5b00000)
  from space 2560K, 86% used [0x00000000d5d80000,0x00000000d5fa9310,0x00000000d6000000)
  to   space 2560K, 0% used [0x00000000d5b00000,0x00000000d5b00000,0x00000000d5d80000)
 ParOldGen       total 1078784K, used 1078425K [0x0000000080000000, 0x00000000c1d80000, 0x00000000d5580000)
  object space 1078784K, 99% used [0x0000000080000000,0x00000000c1d264a0,0x00000000c1d80000)
 Metaspace       used 96473K, committed 98304K, reserved 1179648K
  class space    used 9578K, committed 10560K, reserved 1048576K
}
Event: 3559.783 GC heap after
{Heap after GC invocations=3145 (full 8):
 PSYoungGen      total 8192K, used 2529K [0x00000000d5580000, 0x00000000d6c80000, 0x0000000100000000)
  eden space 5632K, 0% used [0x00000000d5580000,0x00000000d5580000,0x00000000d5b00000)
  from space 2560K, 98% used [0x00000000d5b00000,0x00000000d5d78490,0x00000000d5d80000)
  to   space 8192K, 0% used [0x00000000d6480000,0x00000000d6480000,0x00000000d6c80000)
 ParOldGen       total 1082880K, used 1082807K [0x0000000080000000, 0x00000000c2180000, 0x00000000d5580000)
  object space 1082880K, 99% used [0x0000000080000000,0x00000000c216dd50,0x00000000c2180000)
 Metaspace       used 96473K, committed 98304K, reserved 1179648K
  class space    used 9578K, committed 10560K, reserved 1048576K
}
Event: 3559.803 GC heap before
{Heap before GC invocations=3146 (full 8):
 PSYoungGen      total 8192K, used 8161K [0x00000000d5580000, 0x00000000d6c80000, 0x0000000100000000)
  eden space 5632K, 100% used [0x00000000d5580000,0x00000000d5b00000,0x00000000d5b00000)
  from space 2560K, 98% used [0x00000000d5b00000,0x00000000d5d78490,0x00000000d5d80000)
  to   space 8192K, 0% used [0x00000000d6480000,0x00000000d6480000,0x00000000d6c80000)
 ParOldGen       total 1082880K, used 1082807K [0x0000000080000000, 0x00000000c2180000, 0x00000000d5580000)
  object space 1082880K, 99% used [0x0000000080000000,0x00000000c216dd50,0x00000000c2180000)
 Metaspace       used 96473K, committed 98304K, reserved 1179648K
  class space    used 9578K, committed 10560K, reserved 1048576K
}
Event: 3559.807 GC heap after
{Heap after GC invocations=3146 (full 8):
 PSYoungGen      total 8192K, used 2410K [0x00000000d5580000, 0x00000000d6700000, 0x0000000100000000)
  eden space 5632K, 0% used [0x00000000d5580000,0x00000000d5580000,0x00000000d5b00000)
  from space 2560K, 94% used [0x00000000d6480000,0x00000000d66dab88,0x00000000d6700000)
  to   space 4096K, 0% used [0x00000000d5f00000,0x00000000d5f00000,0x00000000d6300000)
 ParOldGen       total 1085440K, used 1085255K [0x0000000080000000, 0x00000000c2400000, 0x00000000d5580000)
  object space 1085440K, 99% used [0x0000000080000000,0x00000000c23d1cf0,0x00000000c2400000)
 Metaspace       used 96473K, committed 98304K, reserved 1179648K
  class space    used 9578K, committed 10560K, reserved 1048576K
}
Event: 3559.814 GC heap before
{Heap before GC invocations=3147 (full 8):
 PSYoungGen      total 8192K, used 8042K [0x00000000d5580000, 0x00000000d6700000, 0x0000000100000000)
  eden space 5632K, 100% used [0x00000000d5580000,0x00000000d5b00000,0x00000000d5b00000)
  from space 2560K, 94% used [0x00000000d6480000,0x00000000d66dab88,0x00000000d6700000)
  to   space 4096K, 0% used [0x00000000d5f00000,0x00000000d5f00000,0x00000000d6300000)
 ParOldGen       total 1085440K, used 1085255K [0x0000000080000000, 0x00000000c2400000, 0x00000000d5580000)
  object space 1085440K, 99% used [0x0000000080000000,0x00000000c23d1cf0,0x00000000c2400000)
 Metaspace       used 96473K, committed 98304K, reserved 1179648K
  class space    used 9578K, committed 10560K, reserved 1048576K
}
Event: 3559.818 GC heap after
{Heap after GC invocations=3147 (full 8):
 PSYoungGen      total 11264K, used 576K [0x00000000d5580000, 0x00000000d6500000, 0x0000000100000000)
  eden space 7168K, 0% used [0x00000000d5580000,0x00000000d5580000,0x00000000d5c80000)
  from space 4096K, 14% used [0x00000000d5f00000,0x00000000d5f90000,0x00000000d6300000)
  to   space 1536K, 0% used [0x00000000d6380000,0x00000000d6380000,0x00000000d6500000)
 ParOldGen       total 1088000K, used 1087592K [0x0000000080000000, 0x00000000c2680000, 0x00000000d5580000)
  object space 1088000K, 99% used [0x0000000080000000,0x00000000c261a1f8,0x00000000c2680000)
 Metaspace       used 96473K, committed 98304K, reserved 1179648K
  class space    used 9578K, committed 10560K, reserved 1048576K
}
Event: 3559.825 GC heap before
{Heap before GC invocations=3148 (full 8):
 PSYoungGen      total 11264K, used 7744K [0x00000000d5580000, 0x00000000d6500000, 0x0000000100000000)
  eden space 7168K, 100% used [0x00000000d5580000,0x00000000d5c80000,0x00000000d5c80000)
  from space 4096K, 14% used [0x00000000d5f00000,0x00000000d5f90000,0x00000000d6300000)
  to   space 1536K, 0% used [0x00000000d6380000,0x00000000d6380000,0x00000000d6500000)
 ParOldGen       total 1088000K, used 1087592K [0x0000000080000000, 0x00000000c2680000, 0x00000000d5580000)
  object space 1088000K, 99% used [0x0000000080000000,0x00000000c261a1f8,0x00000000c2680000)
 Metaspace       used 96473K, committed 98304K, reserved 1179648K
  class space    used 9578K, committed 10560K, reserved 1048576K
}
Event: 3559.828 GC heap after
{Heap after GC invocations=3148 (full 8):
 PSYoungGen      total 9728K, used 800K [0x00000000d5580000, 0x00000000d6480000, 0x0000000100000000)
  eden space 8704K, 0% used [0x00000000d5580000,0x00000000d5580000,0x00000000d5e00000)
  from space 1024K, 78% used [0x00000000d6380000,0x00000000d6448020,0x00000000d6480000)
  to   space 1024K, 0% used [0x00000000d6280000,0x00000000d6280000,0x00000000d6380000)
 ParOldGen       total 1088512K, used 1088076K [0x0000000080000000, 0x00000000c2700000, 0x00000000d5580000)
  object space 1088512K, 99% used [0x0000000080000000,0x00000000c2693100,0x00000000c2700000)
 Metaspace       used 96473K, committed 98304K, reserved 1179648K
  class space    used 9578K, committed 10560K, reserved 1048576K
}
Event: 3559.835 GC heap before
{Heap before GC invocations=3149 (full 8):
 PSYoungGen      total 9728K, used 9504K [0x00000000d5580000, 0x00000000d6480000, 0x0000000100000000)
  eden space 8704K, 100% used [0x00000000d5580000,0x00000000d5e00000,0x00000000d5e00000)
  from space 1024K, 78% used [0x00000000d6380000,0x00000000d6448020,0x00000000d6480000)
  to   space 1024K, 0% used [0x00000000d6280000,0x00000000d6280000,0x00000000d6380000)
 ParOldGen       total 1088512K, used 1088076K [0x0000000080000000, 0x00000000c2700000, 0x00000000d5580000)
  object space 1088512K, 99% used [0x0000000080000000,0x00000000c2693100,0x00000000c2700000)
 Metaspace       used 96473K, committed 98304K, reserved 1179648K
  class space    used 9578K, committed 10560K, reserved 1048576K
}
Event: 3559.837 GC heap after
{Heap after GC invocations=3149 (full 8):
 PSYoungGen      total 11776K, used 928K [0x00000000d5580000, 0x00000000d6400000, 0x0000000100000000)
  eden space 10752K, 0% used [0x00000000d5580000,0x00000000d5580000,0x00000000d6000000)
  from space 1024K, 90% used [0x00000000d6280000,0x00000000d6368020,0x00000000d6380000)
  to   space 512K, 0% used [0x00000000d6380000,0x00000000d6380000,0x00000000d6400000)
 ParOldGen       total 1089024K, used 1088756K [0x0000000080000000, 0x00000000c2780000, 0x00000000d5580000)
  object space 1089024K, 99% used [0x0000000080000000,0x00000000c273d140,0x00000000c2780000)
 Metaspace       used 96473K, committed 98304K, reserved 1179648K
  class space    used 9578K, committed 10560K, reserved 1048576K
}
Event: 3559.850 GC heap before
{Heap before GC invocations=3150 (full 8):
 PSYoungGen      total 11776K, used 11680K [0x00000000d5580000, 0x00000000d6400000, 0x0000000100000000)
  eden space 10752K, 100% used [0x00000000d5580000,0x00000000d6000000,0x00000000d6000000)
  from space 1024K, 90% used [0x00000000d6280000,0x00000000d6368020,0x00000000d6380000)
  to   space 512K, 0% used [0x00000000d6380000,0x00000000d6380000,0x00000000d6400000)
 ParOldGen       total 1089024K, used 1088756K [0x0000000080000000, 0x00000000c2780000, 0x00000000d5580000)
  object space 1089024K, 99% used [0x0000000080000000,0x00000000c273d140,0x00000000c2780000)
 Metaspace       used 96473K, committed 98304K, reserved 1179648K
  class space    used 9578K, committed 10560K, reserved 1048576K
}
Event: 3559.854 GC heap after
{Heap after GC invocations=3150 (full 8):
 PSYoungGen      total 12800K, used 512K [0x00000000d5580000, 0x00000000d6680000, 0x0000000100000000)
  eden space 12288K, 0% used [0x00000000d5580000,0x00000000d5580000,0x00000000d6180000)
  from space 512K, 100% used [0x00000000d6380000,0x00000000d6400000,0x00000000d6400000)
  to   space 2048K, 0% used [0x00000000d6180000,0x00000000d6180000,0x00000000d6380000)
 ParOldGen       total 1090560K, used 1090092K [0x0000000080000000, 0x00000000c2900000, 0x00000000d5580000)
  object space 1090560K, 99% used [0x0000000080000000,0x00000000c288b260,0x00000000c2900000)
 Metaspace       used 96473K, committed 98304K, reserved 1179648K
  class space    used 9578K, committed 10560K, reserved 1048576K
}
Event: 3635.396 GC heap before
{Heap before GC invocations=3151 (full 8):
 PSYoungGen      total 12800K, used 12800K [0x00000000d5580000, 0x00000000d6680000, 0x0000000100000000)
  eden space 12288K, 100% used [0x00000000d5580000,0x00000000d6180000,0x00000000d6180000)
  from space 512K, 100% used [0x00000000d6380000,0x00000000d6400000,0x00000000d6400000)
  to   space 2048K, 0% used [0x00000000d6180000,0x00000000d6180000,0x00000000d6380000)
 ParOldGen       total 1090560K, used 1090092K [0x0000000080000000, 0x00000000c2900000, 0x00000000d5580000)
  object space 1090560K, 99% used [0x0000000080000000,0x00000000c288b260,0x00000000c2900000)
 Metaspace       used 96479K, committed 98304K, reserved 1179648K
  class space    used 9578K, committed 10560K, reserved 1048576K
}
Event: 3635.450 GC heap after
{Heap after GC invocations=3151 (full 8):
 PSYoungGen      total 14336K, used 1588K [0x00000000d5580000, 0x00000000d6580000, 0x0000000100000000)
  eden space 12288K, 0% used [0x00000000d5580000,0x00000000d5580000,0x00000000d6180000)
  from space 2048K, 77% used [0x00000000d6180000,0x00000000d630d098,0x00000000d6380000)
  to   space 2048K, 0% used [0x00000000d6380000,0x00000000d6380000,0x00000000d6580000)
 ParOldGen       total 1091072K, used 1090616K [0x0000000080000000, 0x00000000c2980000, 0x00000000d5580000)
  object space 1091072K, 99% used [0x0000000080000000,0x00000000c290e280,0x00000000c2980000)
 Metaspace       used 96479K, committed 98304K, reserved 1179648K
  class space    used 9578K, committed 10560K, reserved 1048576K
}
Event: 3635.495 GC heap before
{Heap before GC invocations=3152 (full 8):
 PSYoungGen      total 14336K, used 13876K [0x00000000d5580000, 0x00000000d6580000, 0x0000000100000000)
  eden space 12288K, 100% used [0x00000000d5580000,0x00000000d6180000,0x00000000d6180000)
  from space 2048K, 77% used [0x00000000d6180000,0x00000000d630d098,0x00000000d6380000)
  to   space 2048K, 0% used [0x00000000d6380000,0x00000000d6380000,0x00000000d6580000)
 ParOldGen       total 1091072K, used 1090616K [0x0000000080000000, 0x00000000c2980000, 0x00000000d5580000)
  object space 1091072K, 99% used [0x0000000080000000,0x00000000c290e280,0x00000000c2980000)
 Metaspace       used 96479K, committed 98304K, reserved 1179648K
  class space    used 9578K, committed 10560K, reserved 1048576K
}
Event: 3635.498 GC heap after
{Heap after GC invocations=3152 (full 8):
 PSYoungGen      total 13824K, used 1184K [0x00000000d5580000, 0x00000000d6500000, 0x0000000100000000)
  eden space 12288K, 0% used [0x00000000d5580000,0x00000000d5580000,0x00000000d6180000)
  from space 1536K, 77% used [0x00000000d6380000,0x00000000d64a8020,0x00000000d6500000)
  to   space 1536K, 0% used [0x00000000d6200000,0x00000000d6200000,0x00000000d6380000)
 ParOldGen       total 1092096K, used 1092017K [0x0000000080000000, 0x00000000c2a80000, 0x00000000d5580000)
  object space 1092096K, 99% used [0x0000000080000000,0x00000000c2a6c600,0x00000000c2a80000)
 Metaspace       used 96479K, committed 98304K, reserved 1179648K
  class space    used 9578K, committed 10560K, reserved 1048576K
}
Event: 3635.514 GC heap before
{Heap before GC invocations=3153 (full 8):
 PSYoungGen      total 13824K, used 13472K [0x00000000d5580000, 0x00000000d6500000, 0x0000000100000000)
  eden space 12288K, 100% used [0x00000000d5580000,0x00000000d6180000,0x00000000d6180000)
  from space 1536K, 77% used [0x00000000d6380000,0x00000000d64a8020,0x00000000d6500000)
  to   space 1536K, 0% used [0x00000000d6200000,0x00000000d6200000,0x00000000d6380000)
 ParOldGen       total 1092096K, used 1092017K [0x0000000080000000, 0x00000000c2a80000, 0x00000000d5580000)
  object space 1092096K, 99% used [0x0000000080000000,0x00000000c2a6c600,0x00000000c2a80000)
 Metaspace       used 96479K, committed 98304K, reserved 1179648K
  class space    used 9578K, committed 10560K, reserved 1048576K
}
Event: 3635.517 GC heap after
{Heap after GC invocations=3153 (full 8):
 PSYoungGen      total 13824K, used 1056K [0x00000000d5580000, 0x00000000d6480000, 0x0000000100000000)
  eden space 12288K, 0% used [0x00000000d5580000,0x00000000d5580000,0x00000000d6180000)
  from space 1536K, 68% used [0x00000000d6200000,0x00000000d6308040,0x00000000d6380000)
  to   space 1024K, 0% used [0x00000000d6380000,0x00000000d6380000,0x00000000d6480000)
 ParOldGen       total 1093120K, used 1093089K [0x0000000080000000, 0x00000000c2b80000, 0x00000000d5580000)
  object space 1093120K, 99% used [0x0000000080000000,0x00000000c2b78660,0x00000000c2b80000)
 Metaspace       used 96479K, committed 98304K, reserved 1179648K
  class space    used 9578K, committed 10560K, reserved 1048576K
}

